<?xml version="1.0" encoding="UTF-8"?>
<!-- Generated by org.testng.reporters.JUnitReportReporter -->
<testsuite hostname="suraj" failures="0" tests="1" name="api_tests.userTest" time="10.884" errors="0" timestamp="2025-10-26T09:52:25 IST" skipped="0">
  <testcase classname="api_tests.userTest" name="testCRUD" time="10.884"/>
</testsuite> <!-- api_tests.userTest -->
